<?xml version="1.0" encoding="UTF-8" ?>
<testsuite failures="0" time="0.819" errors="0" skipped="0" tests="6" name="ar.com.fluxit.jqa.context.factory.RulesContextImplTest">
  <properties>
[...]
</properties>
  <testcase time="0.638" classname="ar.com.fluxit.jqa.context.factory.RulesContextImplTest" name="testGlobalPredicates"/>
  <testcase time="0.053" classname="ar.com.fluxit.jqa.context.factory.RulesContextImplTest" name="testInvalidRulesContextFile"/>
  <testcase time="0.022" classname="ar.com.fluxit.jqa.context.factory.RulesContextImplTest" name="testInvalidRulesetFile"/>
  <testcase time="0.017" classname="ar.com.fluxit.jqa.context.factory.RulesContextImplTest" name="testRuleBidirectionalCheck"/>
  <testcase time="0.017" classname="ar.com.fluxit.jqa.context.factory.RulesContextImplTest" name="testRulePriority"/>
  <testcase time="0.017" classname="ar.com.fluxit.jqa.context.factory.RulesContextImplTest" name="testRuleSetImports"/>
</testsuite>